make all --print-data-base --no-builtin-variables --no-builtin-rules --question
make: *** No rule to make target 'all'.  Stop.

# GNU Make 4.3
# Built for x86_64-pc-linux-gnu
# Copyright (C) 1988-2020 Free Software Foundation, Inc.
# License GPLv3+: GNU GPL version 3 or later <http://gnu.org/licenses/gpl.html>
# This is free software: you are free to change and redistribute it.
# There is NO WARRANTY, to the extent permitted by law.

# Make data base, printed on Thu Jun 30 13:59:41 2022

# Variables

# environment
GDK_BACKEND = x11
# environment
LC_ALL = C
# environment
GNOME_SHELL_SESSION_MODE = ubuntu
# environment
SSH_AGENT_LAUNCHER = gnome-keyring
# environment
GJS_DEBUG_OUTPUT = stderr
# environment
VSCODE_IPC_HOOK_EXTHOST = /run/user/1000/vscode-ipc-69cca72f-35cb-415d-a8c5-4218a923c4a1.sock
# environment
LC_NAME = de_AT.UTF-8
# environment
LC_NUMERIC = de_AT.UTF-8
# environment
VSCODE_CWD = /home/martin
# environment
LC_ADDRESS = de_AT.UTF-8
# default
MAKE_COMMAND := make
# environment
QT_ACCESSIBILITY = 1
# automatic
@D = $(patsubst %/,%,$(dir $@))
# environment
VSCODE_HANDLES_UNCAUGHT_ERRORS = true
# default
.VARIABLES := 
# environment
PWD = /home/martin/Documents/C++Projects/Fasta_Gruppe
# automatic
%D = $(patsubst %/,%,$(dir $%))
# environment
LSCOLORS = Gxfxcxdxbxegedabagacad
# environment
XDG_DATA_DIRS = /usr/local/share/:/usr/share/:/var/lib/snapd/desktop
# environment
OLDPWD = /home/martin
# automatic
^D = $(patsubst %/,%,$(dir $^))
# environment
VSCODE_LOG_STACK = false
# automatic
%F = $(notdir $%)
# environment
VSCODE_CODE_CACHE_PATH = /home/martin/.config/Code/CachedData/30d9c6cd9483b2cc586687151bcbcd635f373630
# environment
LANG = C
# environment
SPACESHIP_VERSION = 3.16.5
# environment
XAUTHORITY = /run/user/1000/.mutter-Xwaylandauth.N9D7N1
# default
.LOADED := 
# default
.INCLUDE_DIRS = /usr/local/include /usr/include /usr/include
# makefile
MAKEFLAGS = pqrR
# makefile
CURDIR := /home/martin/Documents/C++Projects/Fasta_Gruppe
# environment
VSCODE_PIPE_LOGGING = true
# environment
APPLICATION_INSIGHTS_NO_DIAGNOSTIC_CHANNEL = true
# automatic
*D = $(patsubst %/,%,$(dir $*))
# environment
MFLAGS = -pqrR
# environment
SSH_AUTH_SOCK = /run/user/1000/keyring/ssh
# default
.SHELLFLAGS := -c
# environment
WAYLAND_DISPLAY = wayland-0
# automatic
+D = $(patsubst %/,%,$(dir $+))
# environment
XDG_SESSION_DESKTOP = ubuntu
# makefile
MAKEFILE_LIST := 
# automatic
@F = $(notdir $@)
# environment
ZSH = /home/martin/.oh-my-zsh
# environment
VSCODE_VERBOSE_LOGGING = true
# environment
VSCODE_PID = 2454
# environment
XDG_SESSION_TYPE = wayland
# automatic
?D = $(patsubst %/,%,$(dir $?))
# environment
SESSION_MANAGER = local/golem:@/tmp/.ICE-unix/1938,unix/golem:/tmp/.ICE-unix/1938
# automatic
*F = $(notdir $*)
# environment
CHROME_DESKTOP = code-url-handler.desktop
# environment
DBUS_SESSION_BUS_ADDRESS = unix:path=/run/user/1000/bus
# automatic
<D = $(patsubst %/,%,$(dir $<))
# environment
VSCODE_NLS_CONFIG = {"locale":"en-gb","availableLanguages":{},"_languagePackSupport":true}
# default
MAKE_HOST := x86_64-pc-linux-gnu
# environment
GNOME_DESKTOP_SESSION_ID = this-is-deprecated
# makefile
SHELL = /bin/sh
# default
MAKECMDGOALS := all
# environment
XMODIFIERS = @im=ibus
# environment
GJS_DEBUG_TOPICS = JS ERROR;JS LOG
# environment
SHLVL = 0
# environment
MAKELEVEL := 0
# default
MAKE = $(MAKE_COMMAND)
# environment
PATH = /usr/local/sbin:/usr/local/bin:/usr/sbin:/usr/bin:/sbin:/bin:/usr/games:/usr/local/games:/snap/bin:/home/martin/.local/bin:/home/martin/.local/lib/python3.9/site-packages:/snap/bin
# environment
SPACESHIP_ROOT = /home/martin/.oh-my-zsh/themes/spaceship-prompt
# default
MAKEFILES := 
# environment
LANGUAGE = en_GB:en
# environment
LC_MONETARY = de_AT.UTF-8
# automatic
^F = $(notdir $^)
# environment
LC_TIME = de_AT.UTF-8
# environment
INVOCATION_ID = 4b06c0e509ae46bd87ce5aeaf5c10891
# environment
VSCODE_LOG_NATIVE = false
# environment
USERNAME = martin
# environment
GNOME_SETUP_DISPLAY = :1
# environment
LC_TELEPHONE = de_AT.UTF-8
# automatic
?F = $(notdir $?)
# environment
XDG_CURRENT_DESKTOP = Unity
# environment
LS_COLORS = 
# automatic
+F = $(notdir $+)
# environment
LESS = -R
# environment
DESKTOP_SESSION = ubuntu
# environment
ORIGINAL_XDG_CURRENT_DESKTOP = ubuntu:GNOME
# 'override' directive
GNUMAKEFLAGS := 
# environment
LOGNAME = martin
# environment
GIO_LAUNCHED_DESKTOP_FILE = /usr/share/applications/code.desktop
# makefile
.DEFAULT_GOAL := 
# environment
SYSTEMD_EXEC_PID = 1977
# environment
EDITOR = nvim
# environment
DISPLAY = :0
# environment
USER = martin
# environment
GTK_MODULES = gail:atk-bridge
# default
MAKE_VERSION := 4.3
# environment
MANAGERPID = 1837
# environment
LC_MEASUREMENT = de_AT.UTF-8
# environment
GIO_LAUNCHED_DESKTOP_FILE_PID = 2454
# environment
PAGER = less
# environment
_ = /usr/share/code/code
# environment
LC_PAPER = de_AT.UTF-8
# environment
XDG_RUNTIME_DIR = /run/user/1000
# environment
JOURNAL_STREAM = 8:37163
# environment
XDG_SESSION_CLASS = user
# environment
VSCODE_AMD_ENTRYPOINT = vs/workbench/api/node/extensionHostProcess
# environment
HOME = /home/martin
# environment
QT_IM_MODULE = ibus
# environment
ELECTRON_RUN_AS_NODE = 1
# environment
VSCODE_IPC_HOOK = /run/user/1000/vscode-6379ee7e-1.68.1-main.sock
# environment
PAPERSIZE = a4
# default
.RECIPEPREFIX := 
# automatic
<F = $(notdir $<)
# environment
ZSH_AUTOSUGGEST_HIGHLIGHT_STYLE = fg=5
# default
SUFFIXES := 
# default
.FEATURES := target-specific order-only second-expansion else-if shortest-stem undefine oneshell nocomment grouped-target extra-prereqs archives jobserver output-sync check-symlink load
# environment
XDG_MENU_PREFIX = gnome-
# environment
GDMSESSION = ubuntu
# environment
LC_IDENTIFICATION = de_AT.UTF-8
# variable set hash-table stats:
# Load=114/1024=11%, Rehash=0, Collisions=4/141=3%

# Pattern-specific Variable Values

# No pattern-specific variable values.

# Directories

# . (device 2050, inode 5112922): 16 files, no impossibilities.

# 16 files, no impossibilities in 1 directories.

# Implicit Rules

# No implicit rules.

# Files

# Not a target:
Makefile:
#  Implicit rule search has been done.
#  File does not exist.
#  File has been updated.
#  Failed to be updated.

# Not a target:
.DEFAULT:
#  Implicit rule search has not been done.
#  Modification time never checked.
#  File has not been updated.

# Not a target:
all:
#  Command line target.
#  Implicit rule search has been done.
#  File does not exist.
#  File has not been updated.

# Not a target:
makefile:
#  Implicit rule search has been done.
#  File does not exist.
#  File has been updated.
#  Failed to be updated.

# Not a target:
GNUmakefile:
#  Implicit rule search has been done.
#  File does not exist.
#  File has been updated.
#  Failed to be updated.

# files hash-table stats:
# Load=6/1024=1%, Rehash=0, Collisions=0/15=0%
# VPATH Search Paths

# No 'vpath' search paths.

# No general ('VPATH' variable) search path.

# strcache buffers: 1 (0) / strings = 24 / storage = 262 B / avg = 10 B
# current buf: size = 8162 B / used = 262 B / count = 24 / avg = 10 B

# strcache performance: lookups = 27 / hit rate = 11%
# hash-table stats:
# Load=24/8192=0%, Rehash=0, Collisions=0/27=0%
# Finished Make data base on Thu Jun 30 13:59:41 2022

 
